<?xml version="1.0" encoding="UTF-8"?>
<!-- Generated by org.testng.reporters.JUnitXMLReporter -->
<testsuite ignored="0" hostname="DESKTOP-T6DRP6P" failures="2" tests="3" name="Test" time="22.107" errors="0" timestamp="2025-08-08T12:51:09 IST">
  <testcase classname="Test.MainTest" name="TestingFunctionalities" time="1.149">
    <failure type="java.io.FileNotFoundException" message="C:\Users\HP\eclipse-workspace\Wipro2\ScreenShots\Login Successful-1754637654785.png (The system cannot find the path specified)">
      <![CDATA[java.io.FileNotFoundException: C:\Users\HP\eclipse-workspace\Wipro2\ScreenShots\Login Successful-1754637654785.png (The system cannot find the path specified)
at java.base/java.io.FileOutputStream.open0(Native Method)
at java.base/java.io.FileOutputStream.open(FileOutputStream.java:293)
at java.base/java.io.FileOutputStream.<init>(FileOutputStream.java:235)
at com.google.common.io.Files$FileByteSink.openStream(Files.java:197)
at com.google.common.io.Files$FileByteSink.openStream(Files.java:185)
at com.google.common.io.ByteSource.copyTo(ByteSource.java:279)
at com.google.common.io.Files.copy(Files.java:328)
at Test.MainTest.takeScreenshot(MainTest.java:169)
at Test.MainTest.TestingFunctionalities(MainTest.java:38)
at java.base/java.util.ArrayList.forEach(ArrayList.java:1511)
... Removed 27 stack frames]]>
    </failure>
  </testcase> <!-- TestingFunctionalities -->
  <testcase classname="Test.MainTest" name="testGetStatusCode" time="2.863"/>
  <testcase classname="Test.MainTest" name="testInvalidLogin" time="2.869">
    <failure type="java.lang.NullPointerException" message="Cannot invoke &amp;quot;org.apache.poi.ss.usermodel.Sheet.getRow(int)&amp;quot; because &amp;quot;utils.ExcelReadUtils.sheet&amp;quot; is null">
      <![CDATA[java.lang.NullPointerException: Cannot invoke "org.apache.poi.ss.usermodel.Sheet.getRow(int)" because "utils.ExcelReadUtils.sheet" is null
at utils.ExcelReadUtils.getCellValue(ExcelReadUtils.java:20)
at Test.MainTest.testInvalidLogin(MainTest.java:119)
at java.base/java.util.ArrayList.forEach(ArrayList.java:1511)
... Removed 27 stack frames]]>
    </failure>
  </testcase> <!-- testInvalidLogin -->
</testsuite> <!-- Test -->
