<?xml version="1.0" encoding="UTF-8"?>
<testng-results ignored="0" total="1" passed="1" failed="0" skipped="0">
  <reporter-output>
  </reporter-output>
  <suite started-at="2025-08-08T13:32:40 IST" name="Suite" finished-at="2025-08-08T13:32:53 IST" duration-ms="13481">
    <groups>
    </groups>
    <test started-at="2025-08-08T13:32:40 IST" name="Test" finished-at="2025-08-08T13:32:53 IST" duration-ms="13481">
      <class name="Test.PracticePageLinkDemo">
        <test-method signature="practicePage()[pri:0, instance:Test.PracticePageLinkDemo@7ee955a8]" started-at="2025-08-08T13:32:40 IST" name="practicePage" finished-at="2025-08-08T13:32:53 IST" duration-ms="13448" status="PASS">
          <reporter-output>
          </reporter-output>
        </test-method> <!-- practicePage -->
      </class> <!-- Test.PracticePageLinkDemo -->
    </test> <!-- Test -->
  </suite> <!-- Suite -->
</testng-results>
