<?xml version="1.0" encoding="UTF-8"?>
<testsuite xmlns:xsi="http://www.w3.org/2001/XMLSchema-instance" xsi:noNamespaceSchemaLocation="https://maven.apache.org/surefire/maven-surefire-plugin/xsd/surefire-test-report-3.0.xsd" version="3.0" name="TestSuite" time="26.257" tests="3" errors="0" skipped="0" failures="2">
  <properties>
[...]
</properties>
  <testcase name="TestingFunctionalities" classname="Test.MainTest" time="1.11">
    <failure message="C:\Users\HP\eclipse-workspace\Wipro2\ScreenShots\Login Successful-1754637891178.png (The system cannot find the path specified)" type="java.io.FileNotFoundException"><![CDATA[java.io.FileNotFoundException: C:\Users\HP\eclipse-workspace\Wipro2\ScreenShots\Login Successful-1754637891178.png (The system cannot find the path specified)
	at Test.MainTest.takeScreenshot(MainTest.java:169)
	at Test.MainTest.TestingFunctionalities(MainTest.java:38)
]]></failure>
    <system-err><![CDATA[Aug 08, 2025 12:54:46 PM org.openqa.selenium.devtools.CdpVersionFinder findNearestMatch
WARNING: Unable to find CDP implementation matching 138
Aug 08, 2025 12:54:46 PM org.openqa.selenium.chromium.ChromiumDriver lambda$new$5
WARNING: Unable to find version of CDP to use for 138.0.7204.184. You may need to include a dependency on a specific version of the CDP using something similar to `org.seleniumhq.selenium:selenium-devtools-v86:4.21.0` where the version ("v86") matches the version of the chromium-based browser you're using and the version number of the artifact is the same as Selenium's.
]]></system-err>
  </testcase>
  <testcase name="testGetStatusCode" classname="Test.MainTest" time="2.756"/>
  <testcase name="testInvalidLogin" classname="Test.MainTest" time="1.588">
    <failure message="Cannot invoke &quot;org.apache.poi.ss.usermodel.Sheet.getRow(int)&quot; because &quot;utils.ExcelReadUtils.sheet&quot; is null" type="java.lang.NullPointerException"><![CDATA[java.lang.NullPointerException: Cannot invoke "org.apache.poi.ss.usermodel.Sheet.getRow(int)" because "utils.ExcelReadUtils.sheet" is null
	at Test.MainTest.testInvalidLogin(MainTest.java:119)
]]></failure>
    <system-err><![CDATA[Aug 08, 2025 12:55:02 PM org.openqa.selenium.devtools.CdpVersionFinder findNearestMatch
WARNING: Unable to find CDP implementation matching 138
Aug 08, 2025 12:55:02 PM org.openqa.selenium.chromium.ChromiumDriver lambda$new$5
WARNING: Unable to find version of CDP to use for 138.0.7204.184. You may need to include a dependency on a specific version of the CDP using something similar to `org.seleniumhq.selenium:selenium-devtools-v86:4.21.0` where the version ("v86") matches the version of the chromium-based browser you're using and the version number of the artifact is the same as Selenium's.
]]></system-err>
  </testcase>
</testsuite>